<?xml version="1.0" encoding="UTF-8"?>
<!-- Generated by org.testng.reporters.JUnitReportReporter -->
<testsuite hostname="DESKTOP-66DS3TN" failures="0" tests="3" name="tests.UserRegistration_Test" time="23.639" errors="0" timestamp="2020-03-23T13:44:56 EET" skipped="1">
  <testcase classname="tests.UserRegistration_Test" name="SuccessfullyRegister" time="11.176"/>
  <testcase classname="tests.UserRegistration_Test" name="SuccessfullyRegister" time="12.463"/>
  <testcase classname="tests.UserRegistration_Test" name="UserLoginSucceffully">
    <skipped/>
  </testcase> <!-- UserLoginSucceffully -->
</testsuite> <!-- tests.UserRegistration_Test -->
