<?xml version="1.0" encoding="UTF-8"?>
<!-- Generated by org.testng.reporters.JUnitReportReporter -->
<testsuite hostname="DESKTOP-66DS3TN" failures="0" tests="5" name="runner.TestRunner" time="23.622" errors="0" timestamp="2020-03-22T11:25:33 EET" skipped="0">
  <testcase classname="runner.TestRunner" name="runScenario" time="3.694"/>
  <testcase classname="runner.TestRunner" name="runScenario" time="3.655"/>
  <testcase classname="runner.TestRunner" name="runScenario" time="4.549"/>
  <testcase classname="runner.TestRunner" name="runScenario" time="4.672"/>
  <testcase classname="runner.TestRunner" name="runScenario" time="7.052"/>
</testsuite> <!-- runner.TestRunner -->
