<?xml version="1.0" encoding="UTF-8"?>
<!-- Generated by org.testng.reporters.JUnitReportReporter -->
<testsuite hostname="DESKTOP-66DS3TN" failures="0" tests="1" name="tests.UserRegistrationParallelTesting" time="6.536" errors="0" timestamp="2020-03-24T23:29:43 EET" skipped="0">
  <testcase classname="tests.UserRegistrationParallelTesting" name="SuccessfullyRegister" time="6.536"/>
</testsuite> <!-- tests.UserRegistrationParallelTesting -->
