<?xml version="1.0" encoding="UTF-8"?>
<!-- Generated by org.testng.reporters.JUnitReportReporter -->
<testsuite hostname="DESKTOP-66DS3TN" failures="0" tests="1" name="tests.UserRegistrationParallelTesting" time="9.756" errors="0" timestamp="2020-03-26T02:51:48 EET" skipped="0">
  <testcase classname="tests.UserRegistrationParallelTesting" name="SuccessfullyRegister" time="9.756"/>
</testsuite> <!-- tests.UserRegistrationParallelTesting -->
