<?xml version="1.0" encoding="UTF-8"?>
<!-- Generated by org.testng.reporters.JUnitReportReporter -->
<testsuite hostname="DESKTOP-66DS3TN" failures="0" tests="4" name="tests.UserRegistration_Test" time="0.023" errors="1" timestamp="2020-03-24T22:33:09 EET" skipped="3">
  <testcase classname="tests.UserRegistration_Test" name="SuccessfullyRegister" time="0.000">
    <skipped/>
  </testcase> <!-- SuccessfullyRegister -->
  <testcase classname="tests.UserRegistration_Test" name="StartDriver" time="0.023">
    <error type="java.lang.NullPointerException">
      <![CDATA[java.lang.NullPointerException
at tests.TestBase.StartDriver(TestBase.java:70)
at java.base/jdk.internal.reflect.NativeMethodAccessorImpl.invoke0(Native Method)
at java.base/jdk.internal.reflect.NativeMethodAccessorImpl.invoke(NativeMethodAccessorImpl.java:62)
at java.base/jdk.internal.reflect.DelegatingMethodAccessorImpl.invoke(DelegatingMethodAccessorImpl.java:43)
at java.base/java.lang.reflect.Method.invoke(Method.java:567)
at org.testng.internal.MethodInvocationHelper.invokeMethod(MethodInvocationHelper.java:133)
at org.testng.internal.MethodInvocationHelper.invokeMethodConsideringTimeout(MethodInvocationHelper.java:62)
at org.testng.internal.ConfigInvoker.invokeConfigurationMethod(ConfigInvoker.java:340)
at org.testng.internal.ConfigInvoker.invokeConfigurations(ConfigInvoker.java:294)
at org.testng.SuiteRunner.privateRun(SuiteRunner.java:345)
at org.testng.SuiteRunner.run(SuiteRunner.java:304)
at org.testng.SuiteRunnerWorker.runSuite(SuiteRunnerWorker.java:53)
at org.testng.SuiteRunnerWorker.run(SuiteRunnerWorker.java:96)
at org.testng.TestNG.runSuitesSequentially(TestNG.java:1180)
at org.testng.TestNG.runSuitesLocally(TestNG.java:1102)
at org.testng.TestNG.runSuites(TestNG.java:1032)
at org.testng.TestNG.run(TestNG.java:1000)
at org.testng.remote.AbstractRemoteTestNG.run(AbstractRemoteTestNG.java:115)
at org.testng.remote.RemoteTestNG.initAndRun(RemoteTestNG.java:251)
at org.testng.remote.RemoteTestNG.main(RemoteTestNG.java:77)
]]>
    </error>
  </testcase> <!-- StartDriver -->
  <testcase classname="tests.UserRegistration_Test" name="SuccessfullyRegister" time="0.000">
    <skipped/>
  </testcase> <!-- SuccessfullyRegister -->
  <testcase classname="tests.UserRegistration_Test" name="UserLoginSucceffully">
    <skipped/>
  </testcase> <!-- UserLoginSucceffully -->
</testsuite> <!-- tests.UserRegistration_Test -->
